2020-08-28 00:01:05.545  INFO 9640 --- [restartedMain] com.app.Main                             : Starting Main on DESKTOP-V9O73T7 with PID 9640 (E:\Projects\spring-jpa\server\spring-websockets\target\classes started by Behrang in E:\Projects\spring-jpa\server\spring-websockets)
2020-08-28 00:01:05.566  INFO 9640 --- [restartedMain] com.app.Main                             : The following profiles are active: local
2020-08-28 00:01:05.698  INFO 9640 --- [restartedMain] o.s.b.devtools.restart.ChangeableUrls    : The Class-Path manifest attribute in C:\Users\Behrang\.m2\repository\org\glassfish\jaxb\jaxb-runtime\2.3.1\jaxb-runtime-2.3.1.jar referenced one or more files that do not exist: file:/C:/Users/Behrang/.m2/repository/org/glassfish/jaxb/jaxb-runtime/2.3.1/jaxb-api-2.3.1.jar,file:/C:/Users/Behrang/.m2/repository/org/glassfish/jaxb/jaxb-runtime/2.3.1/txw2-2.3.1.jar,file:/C:/Users/Behrang/.m2/repository/org/glassfish/jaxb/jaxb-runtime/2.3.1/istack-commons-runtime-3.0.7.jar,file:/C:/Users/Behrang/.m2/repository/org/glassfish/jaxb/jaxb-runtime/2.3.1/stax-ex-1.8.jar,file:/C:/Users/Behrang/.m2/repository/org/glassfish/jaxb/jaxb-runtime/2.3.1/FastInfoset-1.2.15.jar,file:/C:/Users/Behrang/.m2/repository/org/glassfish/jaxb/jaxb-runtime/2.3.1/javax.activation-api-1.2.0.jar
2020-08-28 00:01:05.700  INFO 9640 --- [restartedMain] .e.DevToolsPropertyDefaultsPostProcessor : Devtools property defaults active! Set 'spring.devtools.add-properties' to 'false' to disable
2020-08-28 00:01:05.700  INFO 9640 --- [restartedMain] .e.DevToolsPropertyDefaultsPostProcessor : For additional web related logging consider setting the 'logging.level.web' property to 'DEBUG'
2020-08-28 00:01:07.998  INFO 9640 --- [restartedMain] .s.d.r.c.RepositoryConfigurationDelegate : Bootstrapping Spring Data JPA repositories in DEFERRED mode.
2020-08-28 00:01:08.258  INFO 9640 --- [restartedMain] .s.d.r.c.RepositoryConfigurationDelegate : Finished Spring Data repository scanning in 247ms. Found 3 JPA repository interfaces.
2020-08-28 00:01:09.359  INFO 9640 --- [restartedMain] o.s.b.w.embedded.tomcat.TomcatWebServer  : Tomcat initialized with port(s): 9000 (http)
2020-08-28 00:01:09.377  INFO 9640 --- [restartedMain] o.apache.catalina.core.StandardService   : Starting service [Tomcat]
2020-08-28 00:01:09.378  INFO 9640 --- [restartedMain] org.apache.catalina.core.StandardEngine  : Starting Servlet engine: [Apache Tomcat/9.0.37]
2020-08-28 00:01:09.683  INFO 9640 --- [restartedMain] o.a.c.c.C.[Tomcat].[localhost].[/]       : Initializing Spring embedded WebApplicationContext
2020-08-28 00:01:09.684  INFO 9640 --- [restartedMain] w.s.c.ServletWebServerApplicationContext : Root WebApplicationContext: initialization completed in 3984 ms
2020-08-28 00:01:09.826  INFO 9640 --- [restartedMain] com.zaxxer.hikari.HikariDataSource       : HikariPool-1 - Starting...
2020-08-28 00:01:09.982  INFO 9640 --- [restartedMain] com.zaxxer.hikari.HikariDataSource       : HikariPool-1 - Start completed.
2020-08-28 00:01:09.991  INFO 9640 --- [restartedMain] o.s.b.a.h2.H2ConsoleAutoConfiguration    : H2 console available at '/h2-console'. Database available at 'jdbc:h2:mem:bank'
2020-08-28 00:01:10.160  INFO 9640 --- [restartedMain] o.hibernate.jpa.internal.util.LogHelper  : HHH000204: Processing PersistenceUnitInfo [name: default]
2020-08-28 00:01:10.204  INFO 9640 --- [restartedMain] org.hibernate.Version                    : HHH000412: Hibernate ORM core version 5.4.18.Final
2020-08-28 00:01:10.491  INFO 9640 --- [restartedMain] o.hibernate.annotations.common.Version   : HCANN000001: Hibernate Commons Annotations {5.1.0.Final}
2020-08-28 00:01:10.792  INFO 9640 --- [restartedMain] org.hibernate.dialect.Dialect            : HHH000400: Using dialect: org.hibernate.dialect.H2Dialect
2020-08-28 00:01:12.110  INFO 9640 --- [restartedMain] o.h.e.t.j.p.i.JtaPlatformInitiator       : HHH000490: Using JtaPlatform implementation: [org.hibernate.engine.transaction.jta.platform.internal.NoJtaPlatform]
2020-08-28 00:01:12.117  INFO 9640 --- [restartedMain] j.LocalContainerEntityManagerFactoryBean : Initialized JPA EntityManagerFactory for persistence unit 'default'
2020-08-28 00:01:12.154  INFO 9640 --- [restartedMain] o.s.b.d.a.OptionalLiveReloadServer       : LiveReload server is running on port 35729
2020-08-28 00:01:12.315  WARN 9640 --- [restartedMain] JpaBaseConfiguration$JpaWebConfiguration : spring.jpa.open-in-view is enabled by default. Therefore, database queries may be performed during view rendering. Explicitly configure spring.jpa.open-in-view to disable this warning
2020-08-28 00:01:12.712  INFO 9640 --- [restartedMain] o.s.s.concurrent.ThreadPoolTaskExecutor  : Initializing ExecutorService 'clientInboundChannelExecutor'
2020-08-28 00:01:12.717  INFO 9640 --- [restartedMain] o.s.s.concurrent.ThreadPoolTaskExecutor  : Initializing ExecutorService 'clientOutboundChannelExecutor'
2020-08-28 00:01:12.726  INFO 9640 --- [restartedMain] o.s.s.c.ThreadPoolTaskScheduler          : Initializing ExecutorService 'messageBrokerTaskScheduler'
2020-08-28 00:01:12.884  INFO 9640 --- [restartedMain] o.s.s.web.DefaultSecurityFilterChain     : Creating filter chain: any request, [org.springframework.security.web.context.request.async.WebAsyncManagerIntegrationFilter@6b94898f, org.springframework.security.web.context.SecurityContextPersistenceFilter@54392e9e, org.springframework.security.web.header.HeaderWriterFilter@14142149, org.springframework.web.filter.CorsFilter@12648d38, org.springframework.security.web.authentication.logout.LogoutFilter@6a85cc95, com.app.filter.JWTAuthenticationFilter@ca14a06, com.app.filter.JWTAuthorizationFilter@5c812894, org.springframework.security.web.savedrequest.RequestCacheAwareFilter@d43e022, org.springframework.security.web.servletapi.SecurityContextHolderAwareRequestFilter@39294a19, org.springframework.security.web.authentication.AnonymousAuthenticationFilter@13161a7a, org.springframework.security.web.session.SessionManagementFilter@594f83f, org.springframework.security.web.access.ExceptionTranslationFilter@36bff09b, org.springframework.security.web.access.intercept.FilterSecurityInterceptor@51e58eb9]
2020-08-28 00:01:12.926  INFO 9640 --- [restartedMain] o.s.s.concurrent.ThreadPoolTaskExecutor  : Initializing ExecutorService 'brokerChannelExecutor'
2020-08-28 00:01:13.807  INFO 9640 --- [restartedMain] o.s.b.w.embedded.tomcat.TomcatWebServer  : Tomcat started on port(s): 9000 (http) with context path ''
2020-08-28 00:01:13.818  INFO 9640 --- [restartedMain] o.s.m.s.b.SimpleBrokerMessageHandler     : Starting...
2020-08-28 00:01:13.819  INFO 9640 --- [restartedMain] o.s.m.s.b.SimpleBrokerMessageHandler     : BrokerAvailabilityEvent[available=true, SimpleBrokerMessageHandler [DefaultSubscriptionRegistry[cache[0 destination(s)], registry[0 sessions]]]]
2020-08-28 00:01:13.822  INFO 9640 --- [restartedMain] o.s.m.s.b.SimpleBrokerMessageHandler     : Started.
2020-08-28 00:01:13.823  INFO 9640 --- [restartedMain] DeferredRepositoryInitializationListener : Triggering deferred initialization of Spring Data repositories…
2020-08-28 00:01:14.335  INFO 9640 --- [restartedMain] DeferredRepositoryInitializationListener : Spring Data repositories initialized!
2020-08-28 00:01:14.351  INFO 9640 --- [restartedMain] com.app.Main                             : Started Main in 10.061 seconds (JVM running for 12.563)
2020-08-28 00:01:25.223  INFO 9640 --- [http-nio-9000-exec-1] o.a.c.c.C.[Tomcat].[localhost].[/]       : Initializing Spring DispatcherServlet 'dispatcherServlet'
2020-08-28 00:01:25.224  INFO 9640 --- [http-nio-9000-exec-1] o.s.web.servlet.DispatcherServlet        : Initializing Servlet 'dispatcherServlet'
2020-08-28 00:01:25.232  INFO 9640 --- [http-nio-9000-exec-1] o.s.web.servlet.DispatcherServlet        : Completed initialization in 8 ms
2020-08-28 00:02:12.922  INFO 9640 --- [MessageBroker-1] o.s.w.s.c.WebSocketMessageBrokerStats    : WebSocketSession[0 current WS(0)-HttpStream(0)-HttpPoll(0), 0 total, 0 closed abnormally (0 connect failure, 0 send limit, 0 transport error)], stompSubProtocol[processed CONNECT(0)-CONNECTED(0)-DISCONNECT(0)], stompBrokerRelay[null], inboundChannel[pool size = 0, active threads = 0, queued tasks = 0, completed tasks = 0], outboundChannel[pool size = 0, active threads = 0, queued tasks = 0, completed tasks = 0], sockJsScheduler[pool size = 1, active threads = 1, queued tasks = 0, completed tasks = 0]
2020-08-28 00:04:24.444  INFO 13476 --- [restartedMain] com.app.Main                             : Starting Main on DESKTOP-V9O73T7 with PID 13476 (E:\Projects\spring-jpa\server\spring-websockets\target\classes started by Behrang in E:\Projects\spring-jpa\server\spring-websockets)
2020-08-28 00:04:24.449  INFO 13476 --- [restartedMain] com.app.Main                             : The following profiles are active: local
2020-08-28 00:04:24.532  INFO 13476 --- [restartedMain] o.s.b.devtools.restart.ChangeableUrls    : The Class-Path manifest attribute in C:\Users\Behrang\.m2\repository\org\glassfish\jaxb\jaxb-runtime\2.3.1\jaxb-runtime-2.3.1.jar referenced one or more files that do not exist: file:/C:/Users/Behrang/.m2/repository/org/glassfish/jaxb/jaxb-runtime/2.3.1/jaxb-api-2.3.1.jar,file:/C:/Users/Behrang/.m2/repository/org/glassfish/jaxb/jaxb-runtime/2.3.1/txw2-2.3.1.jar,file:/C:/Users/Behrang/.m2/repository/org/glassfish/jaxb/jaxb-runtime/2.3.1/istack-commons-runtime-3.0.7.jar,file:/C:/Users/Behrang/.m2/repository/org/glassfish/jaxb/jaxb-runtime/2.3.1/stax-ex-1.8.jar,file:/C:/Users/Behrang/.m2/repository/org/glassfish/jaxb/jaxb-runtime/2.3.1/FastInfoset-1.2.15.jar,file:/C:/Users/Behrang/.m2/repository/org/glassfish/jaxb/jaxb-runtime/2.3.1/javax.activation-api-1.2.0.jar
2020-08-28 00:04:24.533  INFO 13476 --- [restartedMain] .e.DevToolsPropertyDefaultsPostProcessor : Devtools property defaults active! Set 'spring.devtools.add-properties' to 'false' to disable
2020-08-28 00:04:24.533  INFO 13476 --- [restartedMain] .e.DevToolsPropertyDefaultsPostProcessor : For additional web related logging consider setting the 'logging.level.web' property to 'DEBUG'
2020-08-28 00:04:25.627  INFO 13476 --- [restartedMain] .s.d.r.c.RepositoryConfigurationDelegate : Bootstrapping Spring Data JPA repositories in DEFERRED mode.
2020-08-28 00:04:25.735  INFO 13476 --- [restartedMain] .s.d.r.c.RepositoryConfigurationDelegate : Finished Spring Data repository scanning in 98ms. Found 3 JPA repository interfaces.
2020-08-28 00:04:26.895  INFO 13476 --- [restartedMain] o.s.b.w.embedded.tomcat.TomcatWebServer  : Tomcat initialized with port(s): 9000 (http)
2020-08-28 00:04:26.906  INFO 13476 --- [restartedMain] o.apache.catalina.core.StandardService   : Starting service [Tomcat]
2020-08-28 00:04:26.907  INFO 13476 --- [restartedMain] org.apache.catalina.core.StandardEngine  : Starting Servlet engine: [Apache Tomcat/9.0.37]
2020-08-28 00:04:27.071  INFO 13476 --- [restartedMain] o.a.c.c.C.[Tomcat].[localhost].[/]       : Initializing Spring embedded WebApplicationContext
2020-08-28 00:04:27.071  INFO 13476 --- [restartedMain] w.s.c.ServletWebServerApplicationContext : Root WebApplicationContext: initialization completed in 2538 ms
2020-08-28 00:04:27.129  INFO 13476 --- [restartedMain] com.zaxxer.hikari.HikariDataSource       : HikariPool-1 - Starting...
2020-08-28 00:04:27.291  INFO 13476 --- [restartedMain] com.zaxxer.hikari.HikariDataSource       : HikariPool-1 - Start completed.
2020-08-28 00:04:27.299  INFO 13476 --- [restartedMain] o.s.b.a.h2.H2ConsoleAutoConfiguration    : H2 console available at '/h2-console'. Database available at 'jdbc:h2:mem:bank'
2020-08-28 00:04:27.460  INFO 13476 --- [restartedMain] o.hibernate.jpa.internal.util.LogHelper  : HHH000204: Processing PersistenceUnitInfo [name: default]
2020-08-28 00:04:27.508  INFO 13476 --- [restartedMain] org.hibernate.Version                    : HHH000412: Hibernate ORM core version 5.4.18.Final
2020-08-28 00:04:27.625  INFO 13476 --- [restartedMain] o.hibernate.annotations.common.Version   : HCANN000001: Hibernate Commons Annotations {5.1.0.Final}
2020-08-28 00:04:27.724  INFO 13476 --- [restartedMain] org.hibernate.dialect.Dialect            : HHH000400: Using dialect: org.hibernate.dialect.H2Dialect
2020-08-28 00:04:28.500  INFO 13476 --- [restartedMain] o.h.e.t.j.p.i.JtaPlatformInitiator       : HHH000490: Using JtaPlatform implementation: [org.hibernate.engine.transaction.jta.platform.internal.NoJtaPlatform]
2020-08-28 00:04:28.507  INFO 13476 --- [restartedMain] j.LocalContainerEntityManagerFactoryBean : Initialized JPA EntityManagerFactory for persistence unit 'default'
2020-08-28 00:04:28.546  INFO 13476 --- [restartedMain] o.s.b.d.a.OptionalLiveReloadServer       : LiveReload server is running on port 35729
2020-08-28 00:04:28.660  WARN 13476 --- [restartedMain] JpaBaseConfiguration$JpaWebConfiguration : spring.jpa.open-in-view is enabled by default. Therefore, database queries may be performed during view rendering. Explicitly configure spring.jpa.open-in-view to disable this warning
2020-08-28 00:04:29.013  INFO 13476 --- [restartedMain] o.s.s.concurrent.ThreadPoolTaskExecutor  : Initializing ExecutorService 'clientInboundChannelExecutor'
2020-08-28 00:04:29.018  INFO 13476 --- [restartedMain] o.s.s.concurrent.ThreadPoolTaskExecutor  : Initializing ExecutorService 'clientOutboundChannelExecutor'
2020-08-28 00:04:29.028  INFO 13476 --- [restartedMain] o.s.s.c.ThreadPoolTaskScheduler          : Initializing ExecutorService 'messageBrokerTaskScheduler'
2020-08-28 00:04:29.211  INFO 13476 --- [restartedMain] o.s.s.web.DefaultSecurityFilterChain     : Creating filter chain: any request, [org.springframework.security.web.context.request.async.WebAsyncManagerIntegrationFilter@24881a70, org.springframework.security.web.context.SecurityContextPersistenceFilter@35bf76b0, org.springframework.security.web.header.HeaderWriterFilter@5e60d61e, org.springframework.web.filter.CorsFilter@109b770, org.springframework.security.web.authentication.logout.LogoutFilter@635ee632, com.app.filter.JWTAuthenticationFilter@ccfd78a, com.app.filter.JWTAuthorizationFilter@3d9bf1, org.springframework.security.web.savedrequest.RequestCacheAwareFilter@22e0063e, org.springframework.security.web.servletapi.SecurityContextHolderAwareRequestFilter@6d204691, org.springframework.security.web.authentication.AnonymousAuthenticationFilter@64024a1c, org.springframework.security.web.session.SessionManagementFilter@25c9d6ea, org.springframework.security.web.access.ExceptionTranslationFilter@3332b1c, org.springframework.security.web.access.intercept.FilterSecurityInterceptor@5bb94cf8]
2020-08-28 00:04:29.227  INFO 13476 --- [restartedMain] o.s.s.concurrent.ThreadPoolTaskExecutor  : Initializing ExecutorService 'brokerChannelExecutor'
2020-08-28 00:04:29.506  INFO 13476 --- [restartedMain] o.s.b.w.embedded.tomcat.TomcatWebServer  : Tomcat started on port(s): 9000 (http) with context path ''
2020-08-28 00:04:29.507  INFO 13476 --- [restartedMain] o.s.m.s.b.SimpleBrokerMessageHandler     : Starting...
2020-08-28 00:04:29.508  INFO 13476 --- [restartedMain] o.s.m.s.b.SimpleBrokerMessageHandler     : BrokerAvailabilityEvent[available=true, SimpleBrokerMessageHandler [DefaultSubscriptionRegistry[cache[0 destination(s)], registry[0 sessions]]]]
2020-08-28 00:04:29.508  INFO 13476 --- [restartedMain] o.s.m.s.b.SimpleBrokerMessageHandler     : Started.
2020-08-28 00:04:29.509  INFO 13476 --- [restartedMain] DeferredRepositoryInitializationListener : Triggering deferred initialization of Spring Data repositories…
2020-08-28 00:04:29.771  INFO 13476 --- [restartedMain] DeferredRepositoryInitializationListener : Spring Data repositories initialized!
2020-08-28 00:04:29.784  INFO 13476 --- [restartedMain] com.app.Main                             : Started Main in 6.254 seconds (JVM running for 8.608)
2020-08-28 00:04:52.610  INFO 13476 --- [http-nio-9000-exec-1] o.a.c.c.C.[Tomcat].[localhost].[/]       : Initializing Spring DispatcherServlet 'dispatcherServlet'
2020-08-28 00:04:52.611  INFO 13476 --- [http-nio-9000-exec-1] o.s.web.servlet.DispatcherServlet        : Initializing Servlet 'dispatcherServlet'
2020-08-28 00:04:52.621  INFO 13476 --- [http-nio-9000-exec-1] o.s.web.servlet.DispatcherServlet        : Completed initialization in 10 ms
2020-08-28 00:05:29.224  INFO 13476 --- [MessageBroker-1] o.s.w.s.c.WebSocketMessageBrokerStats    : WebSocketSession[0 current WS(0)-HttpStream(0)-HttpPoll(0), 0 total, 0 closed abnormally (0 connect failure, 0 send limit, 0 transport error)], stompSubProtocol[processed CONNECT(0)-CONNECTED(0)-DISCONNECT(0)], stompBrokerRelay[null], inboundChannel[pool size = 0, active threads = 0, queued tasks = 0, completed tasks = 0], outboundChannel[pool size = 0, active threads = 0, queued tasks = 0, completed tasks = 0], sockJsScheduler[pool size = 1, active threads = 1, queued tasks = 0, completed tasks = 0]
2020-08-28 00:06:02.866  INFO 10380 --- [restartedMain] com.app.Main                             : Starting Main on DESKTOP-V9O73T7 with PID 10380 (E:\Projects\spring-jpa\server\spring-websockets\target\classes started by Behrang in E:\Projects\spring-jpa\server\spring-websockets)
2020-08-28 00:06:02.870  INFO 10380 --- [restartedMain] com.app.Main                             : The following profiles are active: local
2020-08-28 00:06:02.941  INFO 10380 --- [restartedMain] o.s.b.devtools.restart.ChangeableUrls    : The Class-Path manifest attribute in C:\Users\Behrang\.m2\repository\org\glassfish\jaxb\jaxb-runtime\2.3.1\jaxb-runtime-2.3.1.jar referenced one or more files that do not exist: file:/C:/Users/Behrang/.m2/repository/org/glassfish/jaxb/jaxb-runtime/2.3.1/jaxb-api-2.3.1.jar,file:/C:/Users/Behrang/.m2/repository/org/glassfish/jaxb/jaxb-runtime/2.3.1/txw2-2.3.1.jar,file:/C:/Users/Behrang/.m2/repository/org/glassfish/jaxb/jaxb-runtime/2.3.1/istack-commons-runtime-3.0.7.jar,file:/C:/Users/Behrang/.m2/repository/org/glassfish/jaxb/jaxb-runtime/2.3.1/stax-ex-1.8.jar,file:/C:/Users/Behrang/.m2/repository/org/glassfish/jaxb/jaxb-runtime/2.3.1/FastInfoset-1.2.15.jar,file:/C:/Users/Behrang/.m2/repository/org/glassfish/jaxb/jaxb-runtime/2.3.1/javax.activation-api-1.2.0.jar
2020-08-28 00:06:02.941  INFO 10380 --- [restartedMain] .e.DevToolsPropertyDefaultsPostProcessor : Devtools property defaults active! Set 'spring.devtools.add-properties' to 'false' to disable
2020-08-28 00:06:02.941  INFO 10380 --- [restartedMain] .e.DevToolsPropertyDefaultsPostProcessor : For additional web related logging consider setting the 'logging.level.web' property to 'DEBUG'
2020-08-28 00:06:03.925  INFO 10380 --- [restartedMain] .s.d.r.c.RepositoryConfigurationDelegate : Bootstrapping Spring Data JPA repositories in DEFERRED mode.
2020-08-28 00:06:04.008  INFO 10380 --- [restartedMain] .s.d.r.c.RepositoryConfigurationDelegate : Finished Spring Data repository scanning in 75ms. Found 3 JPA repository interfaces.
2020-08-28 00:06:04.622  INFO 10380 --- [restartedMain] o.s.b.w.embedded.tomcat.TomcatWebServer  : Tomcat initialized with port(s): 9000 (http)
2020-08-28 00:06:04.631  INFO 10380 --- [restartedMain] o.apache.catalina.core.StandardService   : Starting service [Tomcat]
2020-08-28 00:06:04.632  INFO 10380 --- [restartedMain] org.apache.catalina.core.StandardEngine  : Starting Servlet engine: [Apache Tomcat/9.0.37]
2020-08-28 00:06:04.787  INFO 10380 --- [restartedMain] o.a.c.c.C.[Tomcat].[localhost].[/]       : Initializing Spring embedded WebApplicationContext
2020-08-28 00:06:04.788  INFO 10380 --- [restartedMain] w.s.c.ServletWebServerApplicationContext : Root WebApplicationContext: initialization completed in 1846 ms
2020-08-28 00:06:04.852  INFO 10380 --- [restartedMain] com.zaxxer.hikari.HikariDataSource       : HikariPool-1 - Starting...
2020-08-28 00:06:05.000  INFO 10380 --- [restartedMain] com.zaxxer.hikari.HikariDataSource       : HikariPool-1 - Start completed.
2020-08-28 00:06:05.009  INFO 10380 --- [restartedMain] o.s.b.a.h2.H2ConsoleAutoConfiguration    : H2 console available at '/h2-console'. Database available at 'jdbc:h2:mem:bank'
2020-08-28 00:06:05.199  INFO 10380 --- [restartedMain] o.hibernate.jpa.internal.util.LogHelper  : HHH000204: Processing PersistenceUnitInfo [name: default]
2020-08-28 00:06:05.238  INFO 10380 --- [restartedMain] org.hibernate.Version                    : HHH000412: Hibernate ORM core version 5.4.18.Final
2020-08-28 00:06:05.340  INFO 10380 --- [restartedMain] o.hibernate.annotations.common.Version   : HCANN000001: Hibernate Commons Annotations {5.1.0.Final}
2020-08-28 00:06:05.436  INFO 10380 --- [restartedMain] org.hibernate.dialect.Dialect            : HHH000400: Using dialect: org.hibernate.dialect.H2Dialect
2020-08-28 00:06:06.265  INFO 10380 --- [restartedMain] o.h.e.t.j.p.i.JtaPlatformInitiator       : HHH000490: Using JtaPlatform implementation: [org.hibernate.engine.transaction.jta.platform.internal.NoJtaPlatform]
2020-08-28 00:06:06.275  INFO 10380 --- [restartedMain] j.LocalContainerEntityManagerFactoryBean : Initialized JPA EntityManagerFactory for persistence unit 'default'
2020-08-28 00:06:06.314  INFO 10380 --- [restartedMain] o.s.b.d.a.OptionalLiveReloadServer       : LiveReload server is running on port 35729
2020-08-28 00:06:06.582  WARN 10380 --- [restartedMain] JpaBaseConfiguration$JpaWebConfiguration : spring.jpa.open-in-view is enabled by default. Therefore, database queries may be performed during view rendering. Explicitly configure spring.jpa.open-in-view to disable this warning
2020-08-28 00:06:07.151  INFO 10380 --- [restartedMain] o.s.s.concurrent.ThreadPoolTaskExecutor  : Initializing ExecutorService 'clientInboundChannelExecutor'
2020-08-28 00:06:07.157  INFO 10380 --- [restartedMain] o.s.s.concurrent.ThreadPoolTaskExecutor  : Initializing ExecutorService 'clientOutboundChannelExecutor'
2020-08-28 00:06:07.167  INFO 10380 --- [restartedMain] o.s.s.c.ThreadPoolTaskScheduler          : Initializing ExecutorService 'messageBrokerTaskScheduler'
2020-08-28 00:06:07.327  INFO 10380 --- [restartedMain] o.s.s.web.DefaultSecurityFilterChain     : Creating filter chain: any request, [org.springframework.security.web.context.request.async.WebAsyncManagerIntegrationFilter@6ffb204a, org.springframework.security.web.context.SecurityContextPersistenceFilter@b585f4b, org.springframework.security.web.header.HeaderWriterFilter@52e310cd, org.springframework.web.filter.CorsFilter@62c59bba, org.springframework.security.web.authentication.logout.LogoutFilter@4e4a256, com.app.filter.JWTAuthenticationFilter@5b25ca7b, com.app.filter.JWTAuthorizationFilter@2c1ff63f, org.springframework.security.web.savedrequest.RequestCacheAwareFilter@2fd030f8, org.springframework.security.web.servletapi.SecurityContextHolderAwareRequestFilter@4998b5e5, org.springframework.security.web.authentication.AnonymousAuthenticationFilter@1a506a86, org.springframework.security.web.session.SessionManagementFilter@3a665a1f, org.springframework.security.web.access.ExceptionTranslationFilter@34795b97, org.springframework.security.web.access.intercept.FilterSecurityInterceptor@2f31f95a]
2020-08-28 00:06:07.350  INFO 10380 --- [restartedMain] o.s.s.concurrent.ThreadPoolTaskExecutor  : Initializing ExecutorService 'brokerChannelExecutor'
2020-08-28 00:06:07.618  INFO 10380 --- [restartedMain] o.s.b.w.embedded.tomcat.TomcatWebServer  : Tomcat started on port(s): 9000 (http) with context path ''
2020-08-28 00:06:07.620  INFO 10380 --- [restartedMain] o.s.m.s.b.SimpleBrokerMessageHandler     : Starting...
2020-08-28 00:06:07.620  INFO 10380 --- [restartedMain] o.s.m.s.b.SimpleBrokerMessageHandler     : BrokerAvailabilityEvent[available=true, SimpleBrokerMessageHandler [DefaultSubscriptionRegistry[cache[0 destination(s)], registry[0 sessions]]]]
2020-08-28 00:06:07.621  INFO 10380 --- [restartedMain] o.s.m.s.b.SimpleBrokerMessageHandler     : Started.
2020-08-28 00:06:07.621  INFO 10380 --- [restartedMain] DeferredRepositoryInitializationListener : Triggering deferred initialization of Spring Data repositories…
2020-08-28 00:06:07.873  INFO 10380 --- [restartedMain] DeferredRepositoryInitializationListener : Spring Data repositories initialized!
2020-08-28 00:06:07.887  INFO 10380 --- [restartedMain] com.app.Main                             : Started Main in 5.848 seconds (JVM running for 8.393)
2020-08-28 00:06:14.223  INFO 10380 --- [http-nio-9000-exec-2] o.a.c.c.C.[Tomcat].[localhost].[/]       : Initializing Spring DispatcherServlet 'dispatcherServlet'
2020-08-28 00:06:14.224  INFO 10380 --- [http-nio-9000-exec-2] o.s.web.servlet.DispatcherServlet        : Initializing Servlet 'dispatcherServlet'
2020-08-28 00:06:14.235  INFO 10380 --- [http-nio-9000-exec-2] o.s.web.servlet.DispatcherServlet        : Completed initialization in 11 ms
2020-08-28 00:06:30.498  INFO 15096 --- [restartedMain] com.app.Main                             : Starting Main on DESKTOP-V9O73T7 with PID 15096 (E:\Projects\spring-jpa\server\spring-websockets\target\classes started by Behrang in E:\Projects\spring-jpa\server\spring-websockets)
2020-08-28 00:06:30.501  INFO 15096 --- [restartedMain] com.app.Main                             : The following profiles are active: local
2020-08-28 00:06:30.582  INFO 15096 --- [restartedMain] o.s.b.devtools.restart.ChangeableUrls    : The Class-Path manifest attribute in C:\Users\Behrang\.m2\repository\org\glassfish\jaxb\jaxb-runtime\2.3.1\jaxb-runtime-2.3.1.jar referenced one or more files that do not exist: file:/C:/Users/Behrang/.m2/repository/org/glassfish/jaxb/jaxb-runtime/2.3.1/jaxb-api-2.3.1.jar,file:/C:/Users/Behrang/.m2/repository/org/glassfish/jaxb/jaxb-runtime/2.3.1/txw2-2.3.1.jar,file:/C:/Users/Behrang/.m2/repository/org/glassfish/jaxb/jaxb-runtime/2.3.1/istack-commons-runtime-3.0.7.jar,file:/C:/Users/Behrang/.m2/repository/org/glassfish/jaxb/jaxb-runtime/2.3.1/stax-ex-1.8.jar,file:/C:/Users/Behrang/.m2/repository/org/glassfish/jaxb/jaxb-runtime/2.3.1/FastInfoset-1.2.15.jar,file:/C:/Users/Behrang/.m2/repository/org/glassfish/jaxb/jaxb-runtime/2.3.1/javax.activation-api-1.2.0.jar
2020-08-28 00:06:30.582  INFO 15096 --- [restartedMain] .e.DevToolsPropertyDefaultsPostProcessor : Devtools property defaults active! Set 'spring.devtools.add-properties' to 'false' to disable
2020-08-28 00:06:30.583  INFO 15096 --- [restartedMain] .e.DevToolsPropertyDefaultsPostProcessor : For additional web related logging consider setting the 'logging.level.web' property to 'DEBUG'
2020-08-28 00:06:31.767  INFO 15096 --- [restartedMain] .s.d.r.c.RepositoryConfigurationDelegate : Bootstrapping Spring Data JPA repositories in DEFERRED mode.
2020-08-28 00:06:31.872  INFO 15096 --- [restartedMain] .s.d.r.c.RepositoryConfigurationDelegate : Finished Spring Data repository scanning in 93ms. Found 3 JPA repository interfaces.
2020-08-28 00:06:32.682  INFO 15096 --- [restartedMain] o.s.b.w.embedded.tomcat.TomcatWebServer  : Tomcat initialized with port(s): 9000 (http)
2020-08-28 00:06:32.691  INFO 15096 --- [restartedMain] o.apache.catalina.core.StandardService   : Starting service [Tomcat]
2020-08-28 00:06:32.691  INFO 15096 --- [restartedMain] org.apache.catalina.core.StandardEngine  : Starting Servlet engine: [Apache Tomcat/9.0.37]
2020-08-28 00:06:32.828  INFO 15096 --- [restartedMain] o.a.c.c.C.[Tomcat].[localhost].[/]       : Initializing Spring embedded WebApplicationContext
2020-08-28 00:06:32.828  INFO 15096 --- [restartedMain] w.s.c.ServletWebServerApplicationContext : Root WebApplicationContext: initialization completed in 2245 ms
2020-08-28 00:06:32.882  INFO 15096 --- [restartedMain] com.zaxxer.hikari.HikariDataSource       : HikariPool-1 - Starting...
2020-08-28 00:06:33.042  INFO 15096 --- [restartedMain] com.zaxxer.hikari.HikariDataSource       : HikariPool-1 - Start completed.
2020-08-28 00:06:33.052  INFO 15096 --- [restartedMain] o.s.b.a.h2.H2ConsoleAutoConfiguration    : H2 console available at '/h2-console'. Database available at 'jdbc:h2:mem:bank'
2020-08-28 00:06:33.216  INFO 15096 --- [restartedMain] o.hibernate.jpa.internal.util.LogHelper  : HHH000204: Processing PersistenceUnitInfo [name: default]
2020-08-28 00:06:33.270  INFO 15096 --- [restartedMain] org.hibernate.Version                    : HHH000412: Hibernate ORM core version 5.4.18.Final
2020-08-28 00:06:33.402  INFO 15096 --- [restartedMain] o.hibernate.annotations.common.Version   : HCANN000001: Hibernate Commons Annotations {5.1.0.Final}
2020-08-28 00:06:33.536  INFO 15096 --- [restartedMain] org.hibernate.dialect.Dialect            : HHH000400: Using dialect: org.hibernate.dialect.H2Dialect
2020-08-28 00:06:34.555  INFO 15096 --- [restartedMain] o.h.e.t.j.p.i.JtaPlatformInitiator       : HHH000490: Using JtaPlatform implementation: [org.hibernate.engine.transaction.jta.platform.internal.NoJtaPlatform]
2020-08-28 00:06:34.566  INFO 15096 --- [restartedMain] j.LocalContainerEntityManagerFactoryBean : Initialized JPA EntityManagerFactory for persistence unit 'default'
2020-08-28 00:06:34.611  INFO 15096 --- [restartedMain] o.s.b.d.a.OptionalLiveReloadServer       : LiveReload server is running on port 35729
2020-08-28 00:06:34.744  WARN 15096 --- [restartedMain] JpaBaseConfiguration$JpaWebConfiguration : spring.jpa.open-in-view is enabled by default. Therefore, database queries may be performed during view rendering. Explicitly configure spring.jpa.open-in-view to disable this warning
2020-08-28 00:06:35.597  INFO 15096 --- [restartedMain] o.s.s.concurrent.ThreadPoolTaskExecutor  : Initializing ExecutorService 'clientInboundChannelExecutor'
2020-08-28 00:06:35.602  INFO 15096 --- [restartedMain] o.s.s.concurrent.ThreadPoolTaskExecutor  : Initializing ExecutorService 'clientOutboundChannelExecutor'
2020-08-28 00:06:35.613  INFO 15096 --- [restartedMain] o.s.s.c.ThreadPoolTaskScheduler          : Initializing ExecutorService 'messageBrokerTaskScheduler'
2020-08-28 00:06:35.819  INFO 15096 --- [restartedMain] o.s.s.web.DefaultSecurityFilterChain     : Creating filter chain: any request, [org.springframework.security.web.context.request.async.WebAsyncManagerIntegrationFilter@47d12e7, org.springframework.security.web.context.SecurityContextPersistenceFilter@1c414262, org.springframework.security.web.header.HeaderWriterFilter@73979200, org.springframework.web.filter.CorsFilter@45910f41, org.springframework.security.web.authentication.logout.LogoutFilter@44230bdd, com.app.filter.JWTAuthenticationFilter@7dbc4155, com.app.filter.JWTAuthorizationFilter@5ba09cea, org.springframework.security.web.savedrequest.RequestCacheAwareFilter@59ff5dca, org.springframework.security.web.servletapi.SecurityContextHolderAwareRequestFilter@261f209, org.springframework.security.web.authentication.AnonymousAuthenticationFilter@37a64753, org.springframework.security.web.session.SessionManagementFilter@40d81c3f, org.springframework.security.web.access.ExceptionTranslationFilter@5a443f7, org.springframework.security.web.access.intercept.FilterSecurityInterceptor@7781db22]
2020-08-28 00:06:35.839  INFO 15096 --- [restartedMain] o.s.s.concurrent.ThreadPoolTaskExecutor  : Initializing ExecutorService 'brokerChannelExecutor'
2020-08-28 00:06:36.217  INFO 15096 --- [restartedMain] o.s.b.w.embedded.tomcat.TomcatWebServer  : Tomcat started on port(s): 9000 (http) with context path ''
2020-08-28 00:06:36.220  INFO 15096 --- [restartedMain] o.s.m.s.b.SimpleBrokerMessageHandler     : Starting...
2020-08-28 00:06:36.221  INFO 15096 --- [restartedMain] o.s.m.s.b.SimpleBrokerMessageHandler     : BrokerAvailabilityEvent[available=true, SimpleBrokerMessageHandler [DefaultSubscriptionRegistry[cache[0 destination(s)], registry[0 sessions]]]]
2020-08-28 00:06:36.221  INFO 15096 --- [restartedMain] o.s.m.s.b.SimpleBrokerMessageHandler     : Started.
2020-08-28 00:06:36.223  INFO 15096 --- [restartedMain] DeferredRepositoryInitializationListener : Triggering deferred initialization of Spring Data repositories…
2020-08-28 00:06:36.628  INFO 15096 --- [restartedMain] DeferredRepositoryInitializationListener : Spring Data repositories initialized!
2020-08-28 00:06:36.645  INFO 15096 --- [restartedMain] com.app.Main                             : Started Main in 6.914 seconds (JVM running for 10.582)
2020-08-28 00:06:53.491  INFO 15096 --- [http-nio-9000-exec-2] o.a.c.c.C.[Tomcat].[localhost].[/]       : Initializing Spring DispatcherServlet 'dispatcherServlet'
2020-08-28 00:06:53.492  INFO 15096 --- [http-nio-9000-exec-2] o.s.web.servlet.DispatcherServlet        : Initializing Servlet 'dispatcherServlet'
2020-08-28 00:06:53.501  INFO 15096 --- [http-nio-9000-exec-2] o.s.web.servlet.DispatcherServlet        : Completed initialization in 9 ms
2020-08-28 00:29:29.279  WARN 15096 --- [HikariPool-1 housekeeper] com.zaxxer.hikari.pool.HikariPool        : HikariPool-1 - Thread starvation or clock leap detected (housekeeper delta=22m56s135ms660µs700ns).
2020-08-28 00:29:29.279  INFO 15096 --- [MessageBroker-1] o.s.w.s.c.WebSocketMessageBrokerStats    : WebSocketSession[0 current WS(0)-HttpStream(0)-HttpPoll(0), 0 total, 0 closed abnormally (0 connect failure, 0 send limit, 0 transport error)], stompSubProtocol[processed CONNECT(0)-CONNECTED(0)-DISCONNECT(0)], stompBrokerRelay[null], inboundChannel[pool size = 0, active threads = 0, queued tasks = 0, completed tasks = 0], outboundChannel[pool size = 0, active threads = 0, queued tasks = 0, completed tasks = 0], sockJsScheduler[pool size = 1, active threads = 1, queued tasks = 0, completed tasks = 0]
2020-08-28 00:29:29.549  INFO 15096 --- [SpringContextShutdownHook] o.s.m.s.b.SimpleBrokerMessageHandler     : Stopping...
2020-08-28 00:29:29.549  INFO 15096 --- [SpringContextShutdownHook] o.s.m.s.b.SimpleBrokerMessageHandler     : BrokerAvailabilityEvent[available=false, SimpleBrokerMessageHandler [DefaultSubscriptionRegistry[cache[0 destination(s)], registry[0 sessions]]]]
2020-08-28 00:29:29.550  INFO 15096 --- [SpringContextShutdownHook] o.s.m.s.b.SimpleBrokerMessageHandler     : Stopped.
2020-08-28 00:29:42.512  INFO 15960 --- [restartedMain] com.app.Main                             : Starting Main on DESKTOP-V9O73T7 with PID 15960 (E:\Projects\spring-jpa\server\spring-websockets\target\classes started by Behrang in E:\Projects\spring-jpa\server\spring-websockets)
2020-08-28 00:29:42.516  INFO 15960 --- [restartedMain] com.app.Main                             : The following profiles are active: local
2020-08-28 00:29:42.630  INFO 15960 --- [restartedMain] o.s.b.devtools.restart.ChangeableUrls    : The Class-Path manifest attribute in C:\Users\Behrang\.m2\repository\org\glassfish\jaxb\jaxb-runtime\2.3.1\jaxb-runtime-2.3.1.jar referenced one or more files that do not exist: file:/C:/Users/Behrang/.m2/repository/org/glassfish/jaxb/jaxb-runtime/2.3.1/jaxb-api-2.3.1.jar,file:/C:/Users/Behrang/.m2/repository/org/glassfish/jaxb/jaxb-runtime/2.3.1/txw2-2.3.1.jar,file:/C:/Users/Behrang/.m2/repository/org/glassfish/jaxb/jaxb-runtime/2.3.1/istack-commons-runtime-3.0.7.jar,file:/C:/Users/Behrang/.m2/repository/org/glassfish/jaxb/jaxb-runtime/2.3.1/stax-ex-1.8.jar,file:/C:/Users/Behrang/.m2/repository/org/glassfish/jaxb/jaxb-runtime/2.3.1/FastInfoset-1.2.15.jar,file:/C:/Users/Behrang/.m2/repository/org/glassfish/jaxb/jaxb-runtime/2.3.1/javax.activation-api-1.2.0.jar
2020-08-28 00:29:42.631  INFO 15960 --- [restartedMain] .e.DevToolsPropertyDefaultsPostProcessor : Devtools property defaults active! Set 'spring.devtools.add-properties' to 'false' to disable
2020-08-28 00:29:42.631  INFO 15960 --- [restartedMain] .e.DevToolsPropertyDefaultsPostProcessor : For additional web related logging consider setting the 'logging.level.web' property to 'DEBUG'
2020-08-28 00:29:44.117  INFO 15960 --- [restartedMain] .s.d.r.c.RepositoryConfigurationDelegate : Bootstrapping Spring Data JPA repositories in DEFERRED mode.
2020-08-28 00:29:44.200  INFO 15960 --- [restartedMain] .s.d.r.c.RepositoryConfigurationDelegate : Finished Spring Data repository scanning in 74ms. Found 3 JPA repository interfaces.
2020-08-28 00:29:44.923  INFO 15960 --- [restartedMain] o.s.b.w.embedded.tomcat.TomcatWebServer  : Tomcat initialized with port(s): 9000 (http)
2020-08-28 00:29:44.933  INFO 15960 --- [restartedMain] o.apache.catalina.core.StandardService   : Starting service [Tomcat]
2020-08-28 00:29:44.934  INFO 15960 --- [restartedMain] org.apache.catalina.core.StandardEngine  : Starting Servlet engine: [Apache Tomcat/9.0.37]
2020-08-28 00:29:45.072  INFO 15960 --- [restartedMain] o.a.c.c.C.[Tomcat].[localhost].[/]       : Initializing Spring embedded WebApplicationContext
2020-08-28 00:29:45.072  INFO 15960 --- [restartedMain] w.s.c.ServletWebServerApplicationContext : Root WebApplicationContext: initialization completed in 2440 ms
2020-08-28 00:29:45.116  INFO 15960 --- [restartedMain] com.zaxxer.hikari.HikariDataSource       : HikariPool-1 - Starting...
2020-08-28 00:29:45.262  INFO 15960 --- [restartedMain] com.zaxxer.hikari.HikariDataSource       : HikariPool-1 - Start completed.
2020-08-28 00:29:45.276  INFO 15960 --- [restartedMain] o.s.b.a.h2.H2ConsoleAutoConfiguration    : H2 console available at '/h2-console'. Database available at 'jdbc:h2:mem:bank'
2020-08-28 00:29:45.422  INFO 15960 --- [restartedMain] o.hibernate.jpa.internal.util.LogHelper  : HHH000204: Processing PersistenceUnitInfo [name: default]
2020-08-28 00:29:45.463  INFO 15960 --- [restartedMain] org.hibernate.Version                    : HHH000412: Hibernate ORM core version 5.4.18.Final
2020-08-28 00:29:45.579  INFO 15960 --- [restartedMain] o.hibernate.annotations.common.Version   : HCANN000001: Hibernate Commons Annotations {5.1.0.Final}
2020-08-28 00:29:45.696  INFO 15960 --- [restartedMain] org.hibernate.dialect.Dialect            : HHH000400: Using dialect: org.hibernate.dialect.H2Dialect
2020-08-28 00:29:46.546  INFO 15960 --- [restartedMain] o.h.e.t.j.p.i.JtaPlatformInitiator       : HHH000490: Using JtaPlatform implementation: [org.hibernate.engine.transaction.jta.platform.internal.NoJtaPlatform]
2020-08-28 00:29:46.554  INFO 15960 --- [restartedMain] j.LocalContainerEntityManagerFactoryBean : Initialized JPA EntityManagerFactory for persistence unit 'default'
2020-08-28 00:29:46.592  INFO 15960 --- [restartedMain] o.s.b.d.a.OptionalLiveReloadServer       : LiveReload server is running on port 35729
2020-08-28 00:29:46.724  WARN 15960 --- [restartedMain] JpaBaseConfiguration$JpaWebConfiguration : spring.jpa.open-in-view is enabled by default. Therefore, database queries may be performed during view rendering. Explicitly configure spring.jpa.open-in-view to disable this warning
2020-08-28 00:29:47.140  INFO 15960 --- [restartedMain] o.s.s.concurrent.ThreadPoolTaskExecutor  : Initializing ExecutorService 'clientInboundChannelExecutor'
2020-08-28 00:29:47.145  INFO 15960 --- [restartedMain] o.s.s.concurrent.ThreadPoolTaskExecutor  : Initializing ExecutorService 'clientOutboundChannelExecutor'
2020-08-28 00:29:47.157  INFO 15960 --- [restartedMain] o.s.s.c.ThreadPoolTaskScheduler          : Initializing ExecutorService 'messageBrokerTaskScheduler'
2020-08-28 00:29:47.346  INFO 15960 --- [restartedMain] o.s.s.web.DefaultSecurityFilterChain     : Creating filter chain: any request, [org.springframework.security.web.context.request.async.WebAsyncManagerIntegrationFilter@17559e20, org.springframework.security.web.context.SecurityContextPersistenceFilter@75deeda2, org.springframework.security.web.header.HeaderWriterFilter@354924a, org.springframework.web.filter.CorsFilter@6fbe5c7c, org.springframework.security.web.authentication.logout.LogoutFilter@621a1ce4, com.app.filter.JWTAuthenticationFilter@62c545e5, com.app.filter.JWTAuthorizationFilter@3f137c9e, org.springframework.security.web.savedrequest.RequestCacheAwareFilter@3fc8c2c6, org.springframework.security.web.servletapi.SecurityContextHolderAwareRequestFilter@11c9bfca, org.springframework.security.web.authentication.AnonymousAuthenticationFilter@40c51c2, org.springframework.security.web.session.SessionManagementFilter@4f6dc202, org.springframework.security.web.access.ExceptionTranslationFilter@2042b310, org.springframework.security.web.access.intercept.FilterSecurityInterceptor@343a6850]
2020-08-28 00:29:47.362  INFO 15960 --- [restartedMain] o.s.s.concurrent.ThreadPoolTaskExecutor  : Initializing ExecutorService 'brokerChannelExecutor'
2020-08-28 00:29:47.670  INFO 15960 --- [restartedMain] o.s.b.w.embedded.tomcat.TomcatWebServer  : Tomcat started on port(s): 9000 (http) with context path ''
2020-08-28 00:29:47.674  INFO 15960 --- [restartedMain] o.s.m.s.b.SimpleBrokerMessageHandler     : Starting...
2020-08-28 00:29:47.674  INFO 15960 --- [restartedMain] o.s.m.s.b.SimpleBrokerMessageHandler     : BrokerAvailabilityEvent[available=true, SimpleBrokerMessageHandler [DefaultSubscriptionRegistry[cache[0 destination(s)], registry[0 sessions]]]]
2020-08-28 00:29:47.674  INFO 15960 --- [restartedMain] o.s.m.s.b.SimpleBrokerMessageHandler     : Started.
2020-08-28 00:29:47.675  INFO 15960 --- [restartedMain] DeferredRepositoryInitializationListener : Triggering deferred initialization of Spring Data repositories…
2020-08-28 00:29:47.971  INFO 15960 --- [restartedMain] DeferredRepositoryInitializationListener : Spring Data repositories initialized!
2020-08-28 00:29:47.982  INFO 15960 --- [restartedMain] com.app.Main                             : Started Main in 6.469 seconds (JVM running for 8.672)
2020-08-28 00:29:54.319  INFO 15960 --- [http-nio-9000-exec-1] o.a.c.c.C.[Tomcat].[localhost].[/]       : Initializing Spring DispatcherServlet 'dispatcherServlet'
2020-08-28 00:29:54.321  INFO 15960 --- [http-nio-9000-exec-1] o.s.web.servlet.DispatcherServlet        : Initializing Servlet 'dispatcherServlet'
2020-08-28 00:29:54.333  INFO 15960 --- [http-nio-9000-exec-1] o.s.web.servlet.DispatcherServlet        : Completed initialization in 12 ms
2020-08-28 00:30:47.360  INFO 15960 --- [MessageBroker-1] o.s.w.s.c.WebSocketMessageBrokerStats    : WebSocketSession[0 current WS(0)-HttpStream(0)-HttpPoll(0), 0 total, 0 closed abnormally (0 connect failure, 0 send limit, 0 transport error)], stompSubProtocol[processed CONNECT(0)-CONNECTED(0)-DISCONNECT(0)], stompBrokerRelay[null], inboundChannel[pool size = 0, active threads = 0, queued tasks = 0, completed tasks = 0], outboundChannel[pool size = 0, active threads = 0, queued tasks = 0, completed tasks = 0], sockJsScheduler[pool size = 1, active threads = 1, queued tasks = 0, completed tasks = 0]
2020-08-28 11:53:16.628  INFO 6224 --- [restartedMain] com.app.Main                             : Starting Main on DESKTOP-V9O73T7 with PID 6224 (E:\Projects\spring-jpa\server\spring-websockets\target\classes started by Behrang in E:\Projects\spring-jpa\server\spring-websockets)
2020-08-28 11:53:16.636  INFO 6224 --- [restartedMain] com.app.Main                             : The following profiles are active: local
2020-08-28 11:53:16.719  INFO 6224 --- [restartedMain] o.s.b.devtools.restart.ChangeableUrls    : The Class-Path manifest attribute in C:\Users\Behrang\.m2\repository\org\glassfish\jaxb\jaxb-runtime\2.3.1\jaxb-runtime-2.3.1.jar referenced one or more files that do not exist: file:/C:/Users/Behrang/.m2/repository/org/glassfish/jaxb/jaxb-runtime/2.3.1/jaxb-api-2.3.1.jar,file:/C:/Users/Behrang/.m2/repository/org/glassfish/jaxb/jaxb-runtime/2.3.1/txw2-2.3.1.jar,file:/C:/Users/Behrang/.m2/repository/org/glassfish/jaxb/jaxb-runtime/2.3.1/istack-commons-runtime-3.0.7.jar,file:/C:/Users/Behrang/.m2/repository/org/glassfish/jaxb/jaxb-runtime/2.3.1/stax-ex-1.8.jar,file:/C:/Users/Behrang/.m2/repository/org/glassfish/jaxb/jaxb-runtime/2.3.1/FastInfoset-1.2.15.jar,file:/C:/Users/Behrang/.m2/repository/org/glassfish/jaxb/jaxb-runtime/2.3.1/javax.activation-api-1.2.0.jar
2020-08-28 11:53:16.719  INFO 6224 --- [restartedMain] .e.DevToolsPropertyDefaultsPostProcessor : Devtools property defaults active! Set 'spring.devtools.add-properties' to 'false' to disable
2020-08-28 11:53:16.720  INFO 6224 --- [restartedMain] .e.DevToolsPropertyDefaultsPostProcessor : For additional web related logging consider setting the 'logging.level.web' property to 'DEBUG'
2020-08-28 11:53:17.882  INFO 6224 --- [restartedMain] .s.d.r.c.RepositoryConfigurationDelegate : Bootstrapping Spring Data JPA repositories in DEFERRED mode.
2020-08-28 11:53:17.975  INFO 6224 --- [restartedMain] .s.d.r.c.RepositoryConfigurationDelegate : Finished Spring Data repository scanning in 79ms. Found 3 JPA repository interfaces.
2020-08-28 11:53:18.828  INFO 6224 --- [restartedMain] o.s.b.w.embedded.tomcat.TomcatWebServer  : Tomcat initialized with port(s): 9000 (http)
2020-08-28 11:53:18.837  INFO 6224 --- [restartedMain] o.apache.catalina.core.StandardService   : Starting service [Tomcat]
2020-08-28 11:53:18.837  INFO 6224 --- [restartedMain] org.apache.catalina.core.StandardEngine  : Starting Servlet engine: [Apache Tomcat/9.0.37]
2020-08-28 11:53:18.945  INFO 6224 --- [restartedMain] o.a.c.c.C.[Tomcat].[localhost].[/]       : Initializing Spring embedded WebApplicationContext
2020-08-28 11:53:18.945  INFO 6224 --- [restartedMain] w.s.c.ServletWebServerApplicationContext : Root WebApplicationContext: initialization completed in 2225 ms
2020-08-28 11:53:18.989  INFO 6224 --- [restartedMain] com.zaxxer.hikari.HikariDataSource       : HikariPool-1 - Starting...
2020-08-28 11:53:19.161  INFO 6224 --- [restartedMain] com.zaxxer.hikari.HikariDataSource       : HikariPool-1 - Start completed.
2020-08-28 11:53:19.170  INFO 6224 --- [restartedMain] o.s.b.a.h2.H2ConsoleAutoConfiguration    : H2 console available at '/h2-console'. Database available at 'jdbc:h2:mem:bank'
2020-08-28 11:53:19.359  INFO 6224 --- [restartedMain] o.hibernate.jpa.internal.util.LogHelper  : HHH000204: Processing PersistenceUnitInfo [name: default]
2020-08-28 11:53:19.414  INFO 6224 --- [restartedMain] org.hibernate.Version                    : HHH000412: Hibernate ORM core version 5.4.18.Final
2020-08-28 11:53:19.537  INFO 6224 --- [restartedMain] o.hibernate.annotations.common.Version   : HCANN000001: Hibernate Commons Annotations {5.1.0.Final}
2020-08-28 11:53:19.639  INFO 6224 --- [restartedMain] org.hibernate.dialect.Dialect            : HHH000400: Using dialect: org.hibernate.dialect.H2Dialect
2020-08-28 11:53:20.371  INFO 6224 --- [restartedMain] o.h.e.t.j.p.i.JtaPlatformInitiator       : HHH000490: Using JtaPlatform implementation: [org.hibernate.engine.transaction.jta.platform.internal.NoJtaPlatform]
2020-08-28 11:53:20.387  INFO 6224 --- [restartedMain] j.LocalContainerEntityManagerFactoryBean : Initialized JPA EntityManagerFactory for persistence unit 'default'
2020-08-28 11:53:20.421  INFO 6224 --- [restartedMain] o.s.b.d.a.OptionalLiveReloadServer       : LiveReload server is running on port 35729
2020-08-28 11:53:20.546  WARN 6224 --- [restartedMain] JpaBaseConfiguration$JpaWebConfiguration : spring.jpa.open-in-view is enabled by default. Therefore, database queries may be performed during view rendering. Explicitly configure spring.jpa.open-in-view to disable this warning
2020-08-28 11:53:21.122  INFO 6224 --- [restartedMain] o.s.s.concurrent.ThreadPoolTaskExecutor  : Initializing ExecutorService 'clientInboundChannelExecutor'
2020-08-28 11:53:21.127  INFO 6224 --- [restartedMain] o.s.s.concurrent.ThreadPoolTaskExecutor  : Initializing ExecutorService 'clientOutboundChannelExecutor'
2020-08-28 11:53:21.136  INFO 6224 --- [restartedMain] o.s.s.c.ThreadPoolTaskScheduler          : Initializing ExecutorService 'messageBrokerTaskScheduler'
2020-08-28 11:53:21.310  INFO 6224 --- [restartedMain] o.s.s.web.DefaultSecurityFilterChain     : Creating filter chain: any request, [org.springframework.security.web.context.request.async.WebAsyncManagerIntegrationFilter@27e214f9, org.springframework.security.web.context.SecurityContextPersistenceFilter@a6c18c6, org.springframework.security.web.header.HeaderWriterFilter@792ee8a4, org.springframework.web.filter.CorsFilter@5a371d3e, org.springframework.security.web.authentication.logout.LogoutFilter@3e8966d1, com.app.filter.JWTAuthenticationFilter@4117cde6, com.app.filter.JWTAuthorizationFilter@506a0b31, org.springframework.security.web.savedrequest.RequestCacheAwareFilter@48ae7d35, org.springframework.security.web.servletapi.SecurityContextHolderAwareRequestFilter@5ca6aa2c, org.springframework.security.web.authentication.AnonymousAuthenticationFilter@67189819, org.springframework.security.web.session.SessionManagementFilter@5c748c5e, org.springframework.security.web.access.ExceptionTranslationFilter@17286ddd, org.springframework.security.web.access.intercept.FilterSecurityInterceptor@480b86d5]
2020-08-28 11:53:21.325  INFO 6224 --- [restartedMain] o.s.s.concurrent.ThreadPoolTaskExecutor  : Initializing ExecutorService 'brokerChannelExecutor'
2020-08-28 11:53:21.661  INFO 6224 --- [restartedMain] o.s.b.w.embedded.tomcat.TomcatWebServer  : Tomcat started on port(s): 9000 (http) with context path ''
2020-08-28 11:53:21.663  INFO 6224 --- [restartedMain] o.s.m.s.b.SimpleBrokerMessageHandler     : Starting...
2020-08-28 11:53:21.663  INFO 6224 --- [restartedMain] o.s.m.s.b.SimpleBrokerMessageHandler     : BrokerAvailabilityEvent[available=true, SimpleBrokerMessageHandler [DefaultSubscriptionRegistry[cache[0 destination(s)], registry[0 sessions]]]]
2020-08-28 11:53:21.664  INFO 6224 --- [restartedMain] o.s.m.s.b.SimpleBrokerMessageHandler     : Started.
2020-08-28 11:53:21.665  INFO 6224 --- [restartedMain] DeferredRepositoryInitializationListener : Triggering deferred initialization of Spring Data repositories…
2020-08-28 11:53:21.931  INFO 6224 --- [restartedMain] DeferredRepositoryInitializationListener : Spring Data repositories initialized!
2020-08-28 11:53:21.948  INFO 6224 --- [restartedMain] com.app.Main                             : Started Main in 6.309 seconds (JVM running for 9.143)
2020-08-28 11:54:11.556  INFO 6224 --- [http-nio-9000-exec-1] o.a.c.c.C.[Tomcat].[localhost].[/]       : Initializing Spring DispatcherServlet 'dispatcherServlet'
2020-08-28 11:54:11.557  INFO 6224 --- [http-nio-9000-exec-1] o.s.web.servlet.DispatcherServlet        : Initializing Servlet 'dispatcherServlet'
2020-08-28 11:54:11.567  INFO 6224 --- [http-nio-9000-exec-1] o.s.web.servlet.DispatcherServlet        : Completed initialization in 9 ms
2020-08-28 11:54:21.323  INFO 6224 --- [MessageBroker-1] o.s.w.s.c.WebSocketMessageBrokerStats    : WebSocketSession[0 current WS(0)-HttpStream(0)-HttpPoll(0), 0 total, 0 closed abnormally (0 connect failure, 0 send limit, 0 transport error)], stompSubProtocol[processed CONNECT(0)-CONNECTED(0)-DISCONNECT(0)], stompBrokerRelay[null], inboundChannel[pool size = 0, active threads = 0, queued tasks = 0, completed tasks = 0], outboundChannel[pool size = 0, active threads = 0, queued tasks = 0, completed tasks = 0], sockJsScheduler[pool size = 1, active threads = 1, queued tasks = 0, completed tasks = 0]
